Mon Sep 15 11:13:07 2003
Starting ORACLE instance (normal)
LICENSE_MAX_SESSION = 0
LICENSE_SESSIONS_WARNING = 0
LICENSE_MAX_USERS = 0
Starting up ORACLE RDBMS Version: 8.1.7.0.0.
System parameters with non-default values:
  processes                = 100
  shared_pool_size         = 104857600
  large_pool_size          = 52448800
  java_pool_size           = 1048576
  control_files            = /oradata/data/rcat/control01.ctl, /oradata/data/rcat/control02.ctl
  db_block_buffers         = 128156
  db_block_size            = 8192
  compatible               = 8.1.7
  log_buffer               = 524288
  log_checkpoint_interval  = 10000
  log_checkpoint_timeout   = 1800
  rollback_segments        = r01, r02, r03, r04, r05, r06, r07, r08, r09, r10, r11, r12, r13, r14, r15
  db_domain                = bloomberg.com
  instance_name            = rcat
  service_names            = rcat.bloomberg.com
  mts_dispatchers          = (address=(protocol=ipc))(dispatchers=1), (address=(protocol=tcp))(dispatchers=1)
  mts_servers              = 2
  mts_max_servers          = 10
  mts_max_dispatchers      = 10
  mts_service              = rcat
  open_links               = 4
  sort_area_size           = 131072
  sort_area_retained_size  = 65536
  db_name                  = rcat
  open_cursors             = 255
  utl_file_dir             = /bb/oracle/admin/rcat/utl
  job_queue_processes      = 30
  job_queue_interval       = 10
  background_dump_dest     = /bb/oracle/admin/rcat/bdump
  user_dump_dest           = /bb/oracle/admin/rcat/udump
  core_dump_dest           = /bb/oracle/admin/rcat/cdump
  aq_tm_processes          = 3
PMON started with pid=2
DBW0 started with pid=3
LGWR started with pid=4
CKPT started with pid=5
SMON started with pid=6
RECO started with pid=7
SNP0 started with pid=8
SNP1 started with pid=9
SNP2 started with pid=10
SNP3 started with pid=11
SNP4 started with pid=12
SNP5 started with pid=13
SNP6 started with pid=14
SNP7 started with pid=15
SNP8 started with pid=16
SNP9 started with pid=17
SNPA started with pid=18
SNPB started with pid=19
SNPC started with pid=20
SNPD started with pid=21
SNPE started with pid=22
SNPF started with pid=23
SNPG started with pid=24
SNPH started with pid=25
SNPI started with pid=26
SNPJ started with pid=27
SNPK started with pid=28
SNPL started with pid=29
SNPM started with pid=30
SNPN started with pid=31
SNPO started with pid=32
SNPP started with pid=33
SNPQ started with pid=34
SNPR started with pid=35
SNPS started with pid=36
SNPT started with pid=37
QMN0 started with pid=38
QMN1 started with pid=39
QMN2 started with pid=40
Mon Sep 15 11:13:11 2003
starting up 2 shared server(s) ...
starting up 1 dispatcher(s) for network address '(address=(protocol=ipc))'...
starting up 1 dispatcher(s) for network address '(address=(protocol=tcp))'...
Mon Sep 15 11:13:11 2003
CREATE DATABASE "rcat"
   maxdatafiles 254
   maxinstances 8
   maxlogfiles 32
   maxlogmembers 4
   character set UTF8
   national character set UTF8
DATAFILE '/oradata/data/rcat/system01.dbf' SIZE 100M AUTOEXTEND ON
logfile '/oradata/data/rcat/redo01.log' SIZE 10M, 
        '/oradata/data/rcat/redo02.log' SIZE 10M, 
        '/oradata/data/rcat/redo03.log' SIZE 10M,
        '/oradata/data/rcat/redo04.log' SIZE 10M
Mon Sep 15 11:13:12 2003
Database mounted in Exclusive Mode.
Mon Sep 15 11:13:13 2003
Successful mount of redo thread 1, with mount id 276938823.
Thread 1 opened at log sequence 1
  Current log# 1 seq# 1 mem# 0: /oradata/data/rcat/redo01.log
Successful open of redo thread 1.
Mon Sep 15 11:13:14 2003
SMON: enabling cache recovery
Mon Sep 15 11:13:14 2003
create tablespace SYSTEM datafile  '/oradata/data/rcat/system01.dbf' SIZE 100M AUTOEXTEND ON
  default storage (initial 10K next 10K) online
Mon Sep 15 11:13:17 2003
Completed: create tablespace SYSTEM datafile  '/oradata/data/
Mon Sep 15 11:13:17 2003
create rollback segment SYSTEM tablespace SYSTEM
  storage (initial 50K next 50K)
Completed: create rollback segment SYSTEM tablespace SYSTEM
 
Mon Sep 15 11:13:33 2003
SMON: enabling tx recovery
Mon Sep 15 11:13:39 2003
Completed: CREATE DATABASE "rcat"
   maxdatafiles 254
   maxi
Mon Sep 15 11:15:21 2003
Thread 1 advanced to log sequence 2
  Current log# 2 seq# 2 mem# 0: /oradata/data/rcat/redo02.log
Mon Sep 15 11:15:57 2003
Thread 1 advanced to log sequence 3
  Current log# 3 seq# 3 mem# 0: /oradata/data/rcat/redo03.log
Mon Sep 15 11:16:39 2003
Thread 1 advanced to log sequence 4
  Current log# 4 seq# 4 mem# 0: /oradata/data/rcat/redo04.log
Mon Sep 15 11:17:11 2003
CREATE ROLLBACK SEGMENT r0 TABLESPACE SYSTEM
STORAGE (INITIAL 16K NEXT 16K MINEXTENTS 2 MAXEXTENTS 20)
Mon Sep 15 11:17:11 2003
Completed: CREATE ROLLBACK SEGMENT r0 TABLESPACE SYSTEM
STORA
Mon Sep 15 11:17:11 2003
ALTER ROLLBACK SEGMENT r0 ONLINE
Completed: ALTER ROLLBACK SEGMENT r0 ONLINE
Mon Sep 15 11:17:12 2003
ALTER TABLESPACE SYSTEM
DEFAULT STORAGE ( INITIAL 64K NEXT 64K MINEXTENTS 1 MAXEXTENTS UNLIMITED PCTINCREASE 0)
Completed: ALTER TABLESPACE SYSTEM
DEFAULT STORAGE ( INITIAL 
Mon Sep 15 11:17:12 2003
CREATE TABLESPACE TOOLS DATAFILE '/bb/oradata01/data/rcat/tools01.dbf' SIZE 10M 
EXTENT MANAGEMENT LOCAL UNIFORM SIZE 1M 
ORA-1119 signalled during: CREATE TABLESPACE TOOLS DATAFILE '/bb/oradata01/da...
Mon Sep 15 11:17:12 2003
ALTER DATABASE DATAFILE '/bb/oradata01/data/rcat/tools01.dbf' AUTOEXTEND OFF
ORA-1516 signalled during: ALTER DATABASE DATAFILE '/bb/oradata01/data/rcat/t...
Mon Sep 15 11:17:12 2003
CREATE TABLESPACE RBS DATAFILE '/bb/oradata01/data/rcat/rbs01.dbf' SIZE 100M 
EXTENT MANAGEMENT LOCAL UNIFORM SIZE 2M 
ORA-1119 signalled during: CREATE TABLESPACE RBS DATAFILE '/bb/oradata01/data...
Mon Sep 15 11:17:12 2003
ALTER DATABASE DATAFILE '/bb/oradata01/data/rcat/rbs01.dbf' AUTOEXTEND OFF
ORA-1516 signalled during: ALTER DATABASE DATAFILE '/bb/oradata01/data/rcat/r...
Mon Sep 15 11:17:12 2003
CREATE TEMPORARY TABLESPACE TEMP TEMPFILE '/bb/oradata01/data/rcat/temp01.dbf' SIZE 100M 
EXTENT MANAGEMENT LOCAL UNIFORM SIZE 1M 
ORA-1119 signalled during: CREATE TEMPORARY TABLESPACE TEMP TEMPFILE '/bb/ora...
Mon Sep 15 11:17:12 2003
ALTER DATABASE TEMPFILE '/bb/oradata01/data/rcat/temp01.dbf' AUTOEXTEND OFF
ORA-1516 signalled during: ALTER DATABASE TEMPFILE '/bb/oradata01/data/rcat/t...
Mon Sep 15 11:17:12 2003
CREATE TABLESPACE USERS DATAFILE '/bb/oradata01/data/rcat/users01.dbf' SIZE 10M 
EXTENT MANAGEMENT LOCAL UNIFORM SIZE 1M 
ORA-1119 signalled during: CREATE TABLESPACE USERS DATAFILE '/bb/oradata01/da...
Mon Sep 15 11:17:12 2003
ALTER DATABASE DATAFILE '/bb/oradata01/data/rcat/users01.dbf' AUTOEXTEND OFF
ORA-1516 signalled during: ALTER DATABASE DATAFILE '/bb/oradata01/data/rcat/u...
Mon Sep 15 11:17:12 2003
CREATE TABLESPACE RCAT DATAFILE '/bb/oradata01/data/rcat/rcat.dbf' SIZE 10M 
DEFAULT STORAGE ( INITIAL 100k NEXT 100k MINEXTENTS 1 MAXEXTENTS UNLIMITED PCTINCREASE 0)
ORA-1119 signalled during: CREATE TABLESPACE RCAT DATAFILE '/bb/oradata01/dat...
Mon Sep 15 11:17:12 2003
ALTER DATABASE DATAFILE '/bb/oradata01/data/rcat/rcat.dbf' AUTOEXTEND OFF
ORA-1516 signalled during: ALTER DATABASE DATAFILE '/bb/oradata01/data/rcat/r...
Mon Sep 15 11:17:12 2003
CREATE PUBLIC ROLLBACK SEGMENT R01 TABLESPACE RBS
STORAGE ( OPTIMAL 4096K )
ORA-959 signalled during: CREATE PUBLIC ROLLBACK SEGMENT R01 TABLESPACE RBS
...
Mon Sep 15 11:17:12 2003
CREATE PUBLIC ROLLBACK SEGMENT R02 TABLESPACE RBS
STORAGE ( OPTIMAL 4096K )
ORA-959 signalled during: CREATE PUBLIC ROLLBACK SEGMENT R02 TABLESPACE RBS
...
Mon Sep 15 11:17:12 2003
CREATE PUBLIC ROLLBACK SEGMENT R03 TABLESPACE RBS
STORAGE ( OPTIMAL 4096K )
ORA-959 signalled during: CREATE PUBLIC ROLLBACK SEGMENT R03 TABLESPACE RBS
...
Mon Sep 15 11:17:12 2003
CREATE PUBLIC ROLLBACK SEGMENT R04 TABLESPACE RBS
STORAGE ( OPTIMAL 4096K )
ORA-959 signalled during: CREATE PUBLIC ROLLBACK SEGMENT R04 TABLESPACE RBS
...
Mon Sep 15 11:17:12 2003
CREATE PUBLIC ROLLBACK SEGMENT R05 TABLESPACE RBS
STORAGE ( OPTIMAL 4096K )
ORA-959 signalled during: CREATE PUBLIC ROLLBACK SEGMENT R05 TABLESPACE RBS
...
Mon Sep 15 11:17:12 2003
CREATE PUBLIC ROLLBACK SEGMENT R06 TABLESPACE RBS
STORAGE ( OPTIMAL 4096K )
ORA-959 signalled during: CREATE PUBLIC ROLLBACK SEGMENT R06 TABLESPACE RBS
...
Mon Sep 15 11:17:12 2003
CREATE PUBLIC ROLLBACK SEGMENT R07 TABLESPACE RBS
STORAGE ( OPTIMAL 4096K )
ORA-959 signalled during: CREATE PUBLIC ROLLBACK SEGMENT R07 TABLESPACE RBS
...
Mon Sep 15 11:17:12 2003
CREATE PUBLIC ROLLBACK SEGMENT R08 TABLESPACE RBS
STORAGE ( OPTIMAL 4096K )
ORA-959 signalled during: CREATE PUBLIC ROLLBACK SEGMENT R08 TABLESPACE RBS
...
Mon Sep 15 11:17:12 2003
CREATE PUBLIC ROLLBACK SEGMENT R09 TABLESPACE RBS
STORAGE ( OPTIMAL 4096K )
ORA-959 signalled during: CREATE PUBLIC ROLLBACK SEGMENT R09 TABLESPACE RBS
...
Mon Sep 15 11:17:12 2003
CREATE PUBLIC ROLLBACK SEGMENT R10 TABLESPACE RBS
STORAGE ( OPTIMAL 4096K )
ORA-959 signalled during: CREATE PUBLIC ROLLBACK SEGMENT R10 TABLESPACE RBS
...
Mon Sep 15 11:17:12 2003
CREATE PUBLIC ROLLBACK SEGMENT R11 TABLESPACE RBS
STORAGE ( OPTIMAL 4096K )
ORA-959 signalled during: CREATE PUBLIC ROLLBACK SEGMENT R11 TABLESPACE RBS
...
Mon Sep 15 11:17:12 2003
CREATE PUBLIC ROLLBACK SEGMENT R12 TABLESPACE RBS
STORAGE ( OPTIMAL 4096K )
ORA-959 signalled during: CREATE PUBLIC ROLLBACK SEGMENT R12 TABLESPACE RBS
...
Mon Sep 15 11:17:12 2003
CREATE PUBLIC ROLLBACK SEGMENT R13 TABLESPACE RBS
STORAGE ( OPTIMAL 4096K )
ORA-959 signalled during: CREATE PUBLIC ROLLBACK SEGMENT R13 TABLESPACE RBS
...
Mon Sep 15 11:17:12 2003
CREATE PUBLIC ROLLBACK SEGMENT R14 TABLESPACE RBS
STORAGE ( OPTIMAL 4096K )
ORA-959 signalled during: CREATE PUBLIC ROLLBACK SEGMENT R14 TABLESPACE RBS
...
Mon Sep 15 11:17:12 2003
CREATE PUBLIC ROLLBACK SEGMENT R15 TABLESPACE RBS
STORAGE ( OPTIMAL 4096K )
ORA-959 signalled during: CREATE PUBLIC ROLLBACK SEGMENT R15 TABLESPACE RBS
...
Mon Sep 15 11:17:12 2003
ALTER ROLLBACK SEGMENT "R01" ONLINE
ORA-1534 signalled during: ALTER ROLLBACK SEGMENT "R01" ONLINE...
Mon Sep 15 11:17:12 2003
ALTER ROLLBACK SEGMENT "R02" ONLINE
ORA-1534 signalled during: ALTER ROLLBACK SEGMENT "R02" ONLINE...
Mon Sep 15 11:17:12 2003
ALTER ROLLBACK SEGMENT "R03" ONLINE
ORA-1534 signalled during: ALTER ROLLBACK SEGMENT "R03" ONLINE...
Mon Sep 15 11:17:12 2003
ALTER ROLLBACK SEGMENT "R04" ONLINE
ORA-1534 signalled during: ALTER ROLLBACK SEGMENT "R04" ONLINE...
Mon Sep 15 11:17:12 2003
ALTER ROLLBACK SEGMENT "R05" ONLINE
ORA-1534 signalled during: ALTER ROLLBACK SEGMENT "R05" ONLINE...
Mon Sep 15 11:17:12 2003
ALTER ROLLBACK SEGMENT "R06" ONLINE
ORA-1534 signalled during: ALTER ROLLBACK SEGMENT "R06" ONLINE...
Mon Sep 15 11:17:12 2003
ALTER ROLLBACK SEGMENT "R07" ONLINE
ORA-1534 signalled during: ALTER ROLLBACK SEGMENT "R07" ONLINE...
Mon Sep 15 11:17:12 2003
ALTER ROLLBACK SEGMENT "R08" ONLINE
ORA-1534 signalled during: ALTER ROLLBACK SEGMENT "R08" ONLINE...
Mon Sep 15 11:17:12 2003
ALTER ROLLBACK SEGMENT "R09" ONLINE
ORA-1534 signalled during: ALTER ROLLBACK SEGMENT "R09" ONLINE...
Mon Sep 15 11:17:12 2003
ALTER ROLLBACK SEGMENT "R10" ONLINE
ORA-1534 signalled during: ALTER ROLLBACK SEGMENT "R10" ONLINE...
Mon Sep 15 11:17:12 2003
ALTER ROLLBACK SEGMENT "R11" ONLINE
ORA-1534 signalled during: ALTER ROLLBACK SEGMENT "R11" ONLINE...
Mon Sep 15 11:17:12 2003
ALTER ROLLBACK SEGMENT "R12" ONLINE
ORA-1534 signalled during: ALTER ROLLBACK SEGMENT "R12" ONLINE...
Mon Sep 15 11:17:12 2003
ALTER ROLLBACK SEGMENT "R13" ONLINE
ORA-1534 signalled during: ALTER ROLLBACK SEGMENT "R13" ONLINE...
Mon Sep 15 11:17:12 2003
ALTER ROLLBACK SEGMENT "R14" ONLINE
ORA-1534 signalled during: ALTER ROLLBACK SEGMENT "R14" ONLINE...
Mon Sep 15 11:17:12 2003
ALTER ROLLBACK SEGMENT "R15" ONLINE
ORA-1534 signalled during: ALTER ROLLBACK SEGMENT "R15" ONLINE...
Mon Sep 15 11:18:13 2003
Thread 1 advanced to log sequence 5
  Current log# 1 seq# 5 mem# 0: /oradata/data/rcat/redo01.log
Mon Sep 15 11:18:13 2003
ORA-1628: max # extents 20 reached for rollback segment R0 
Failure to extend rollback segment 1 because of 1628 condition
FULL status of rollback segment 1 set.
FULL status of rollback segment 1 cleared.
Mon Sep 15 11:18:44 2003
Thread 1 advanced to log sequence 6
  Current log# 2 seq# 6 mem# 0: /oradata/data/rcat/redo02.log
Mon Sep 15 11:19:27 2003
Thread 1 advanced to log sequence 7
  Current log# 3 seq# 7 mem# 0: /oradata/data/rcat/redo03.log
Mon Sep 15 11:20:01 2003
Thread 1 advanced to log sequence 8
  Current log# 4 seq# 8 mem# 0: /oradata/data/rcat/redo04.log
Mon Sep 15 11:20:35 2003
Thread 1 advanced to log sequence 9
  Current log# 1 seq# 9 mem# 0: /oradata/data/rcat/redo01.log
Mon Sep 15 11:20:39 2003
CREATE ROLLBACK SEGMENT r0 TABLESPACE SYSTEM
STORAGE (INITIAL 16K NEXT 16K MINEXTENTS 2 MAXEXTENTS 20)
Mon Sep 15 11:20:39 2003
ORA-1535 signalled during: CREATE ROLLBACK SEGMENT r0 TABLESPACE SYSTEM
STORA...
Mon Sep 15 11:20:39 2003
ALTER ROLLBACK SEGMENT r0 ONLINE
ORA-1636 signalled during: ALTER ROLLBACK SEGMENT r0 ONLINE...
Mon Sep 15 11:20:39 2003
ALTER TABLESPACE SYSTEM
DEFAULT STORAGE ( INITIAL 64K NEXT 64K MINEXTENTS 1 MAXEXTENTS UNLIMITED PCTINCREASE 0)
Completed: ALTER TABLESPACE SYSTEM
DEFAULT STORAGE ( INITIAL 
Mon Sep 15 11:20:39 2003
CREATE TABLESPACE TOOLS DATAFILE '/oradata/data/rcat/tools01.dbf' SIZE 10M 
EXTENT MANAGEMENT LOCAL UNIFORM SIZE 1M 
Completed: CREATE TABLESPACE TOOLS DATAFILE '/oradata/data/rc
Mon Sep 15 11:20:40 2003
ALTER DATABASE DATAFILE '/oradata/data/rcat/tools01.dbf' AUTOEXTEND OFF
Completed: ALTER DATABASE DATAFILE '/oradata/data/rcat/tools0
Mon Sep 15 11:20:40 2003
CREATE TABLESPACE RBS DATAFILE '/oradata/data/rcat/rbs01.dbf' SIZE 100M 
EXTENT MANAGEMENT LOCAL UNIFORM SIZE 2M 
Completed: CREATE TABLESPACE RBS DATAFILE '/oradata/data/rcat
Mon Sep 15 11:20:43 2003
ALTER DATABASE DATAFILE '/oradata/data/rcat/rbs01.dbf' AUTOEXTEND OFF
Completed: ALTER DATABASE DATAFILE '/oradata/data/rcat/rbs01.
Mon Sep 15 11:20:43 2003
CREATE TEMPORARY TABLESPACE TEMP TEMPFILE '/oradata/data/rcat/temp01.dbf' SIZE 100M 
EXTENT MANAGEMENT LOCAL UNIFORM SIZE 1M 
Completed: CREATE TEMPORARY TABLESPACE TEMP TEMPFILE '/oradat
Mon Sep 15 11:20:44 2003
ALTER DATABASE TEMPFILE '/oradata/data/rcat/temp01.dbf' AUTOEXTEND OFF
Completed: ALTER DATABASE TEMPFILE '/oradata/data/rcat/temp01
Mon Sep 15 11:20:44 2003
CREATE TABLESPACE USERS DATAFILE '/oradata/data/rcat/users01.dbf' SIZE 10M 
EXTENT MANAGEMENT LOCAL UNIFORM SIZE 1M 
Completed: CREATE TABLESPACE USERS DATAFILE '/oradata/data/rc
Mon Sep 15 11:20:44 2003
ALTER DATABASE DATAFILE '/oradata/data/rcat/users01.dbf' AUTOEXTEND OFF
Completed: ALTER DATABASE DATAFILE '/oradata/data/rcat/users0
Mon Sep 15 11:20:44 2003
CREATE TABLESPACE RCAT DATAFILE '/oradata/data/rcat/rcat.dbf' SIZE 10M 
DEFAULT STORAGE ( INITIAL 100k NEXT 100k MINEXTENTS 1 MAXEXTENTS UNLIMITED PCTINCREASE 0)
Completed: CREATE TABLESPACE RCAT DATAFILE '/oradata/data/rca
Mon Sep 15 11:20:45 2003
ALTER DATABASE DATAFILE '/oradata/data/rcat/rcat.dbf' AUTOEXTEND OFF
Completed: ALTER DATABASE DATAFILE '/oradata/data/rcat/rcat.d
Mon Sep 15 11:20:45 2003
CREATE PUBLIC ROLLBACK SEGMENT R01 TABLESPACE RBS
STORAGE ( OPTIMAL 4096K )
Completed: CREATE PUBLIC ROLLBACK SEGMENT R01 TABLESPACE RBS
Mon Sep 15 11:20:45 2003
CREATE PUBLIC ROLLBACK SEGMENT R02 TABLESPACE RBS
STORAGE ( OPTIMAL 4096K )
Completed: CREATE PUBLIC ROLLBACK SEGMENT R02 TABLESPACE RBS
Mon Sep 15 11:20:45 2003
CREATE PUBLIC ROLLBACK SEGMENT R03 TABLESPACE RBS
STORAGE ( OPTIMAL 4096K )
Completed: CREATE PUBLIC ROLLBACK SEGMENT R03 TABLESPACE RBS
Mon Sep 15 11:20:45 2003
CREATE PUBLIC ROLLBACK SEGMENT R04 TABLESPACE RBS
STORAGE ( OPTIMAL 4096K )
Completed: CREATE PUBLIC ROLLBACK SEGMENT R04 TABLESPACE RBS
Mon Sep 15 11:20:45 2003
CREATE PUBLIC ROLLBACK SEGMENT R05 TABLESPACE RBS
STORAGE ( OPTIMAL 4096K )
Completed: CREATE PUBLIC ROLLBACK SEGMENT R05 TABLESPACE RBS
Mon Sep 15 11:20:45 2003
CREATE PUBLIC ROLLBACK SEGMENT R06 TABLESPACE RBS
STORAGE ( OPTIMAL 4096K )
Completed: CREATE PUBLIC ROLLBACK SEGMENT R06 TABLESPACE RBS
Mon Sep 15 11:20:45 2003
CREATE PUBLIC ROLLBACK SEGMENT R07 TABLESPACE RBS
STORAGE ( OPTIMAL 4096K )
Completed: CREATE PUBLIC ROLLBACK SEGMENT R07 TABLESPACE RBS
Mon Sep 15 11:20:45 2003
CREATE PUBLIC ROLLBACK SEGMENT R08 TABLESPACE RBS
STORAGE ( OPTIMAL 4096K )
Completed: CREATE PUBLIC ROLLBACK SEGMENT R08 TABLESPACE RBS
Mon Sep 15 11:20:45 2003
CREATE PUBLIC ROLLBACK SEGMENT R09 TABLESPACE RBS
STORAGE ( OPTIMAL 4096K )
Completed: CREATE PUBLIC ROLLBACK SEGMENT R09 TABLESPACE RBS
Mon Sep 15 11:20:45 2003
CREATE PUBLIC ROLLBACK SEGMENT R10 TABLESPACE RBS
STORAGE ( OPTIMAL 4096K )
Completed: CREATE PUBLIC ROLLBACK SEGMENT R10 TABLESPACE RBS
Mon Sep 15 11:20:45 2003
CREATE PUBLIC ROLLBACK SEGMENT R11 TABLESPACE RBS
STORAGE ( OPTIMAL 4096K )
Completed: CREATE PUBLIC ROLLBACK SEGMENT R11 TABLESPACE RBS
Mon Sep 15 11:20:45 2003
CREATE PUBLIC ROLLBACK SEGMENT R12 TABLESPACE RBS
STORAGE ( OPTIMAL 4096K )
Completed: CREATE PUBLIC ROLLBACK SEGMENT R12 TABLESPACE RBS
Mon Sep 15 11:20:45 2003
CREATE PUBLIC ROLLBACK SEGMENT R13 TABLESPACE RBS
STORAGE ( OPTIMAL 4096K )
Completed: CREATE PUBLIC ROLLBACK SEGMENT R13 TABLESPACE RBS
Mon Sep 15 11:20:45 2003
CREATE PUBLIC ROLLBACK SEGMENT R14 TABLESPACE RBS
STORAGE ( OPTIMAL 4096K )
Completed: CREATE PUBLIC ROLLBACK SEGMENT R14 TABLESPACE RBS
Mon Sep 15 11:20:45 2003
CREATE PUBLIC ROLLBACK SEGMENT R15 TABLESPACE RBS
STORAGE ( OPTIMAL 4096K )
Completed: CREATE PUBLIC ROLLBACK SEGMENT R15 TABLESPACE RBS
Mon Sep 15 11:20:45 2003
ALTER ROLLBACK SEGMENT "R01" ONLINE
Completed: ALTER ROLLBACK SEGMENT "R01" ONLINE
Mon Sep 15 11:20:45 2003
ALTER ROLLBACK SEGMENT "R02" ONLINE
Completed: ALTER ROLLBACK SEGMENT "R02" ONLINE
Mon Sep 15 11:20:45 2003
ALTER ROLLBACK SEGMENT "R03" ONLINE
Completed: ALTER ROLLBACK SEGMENT "R03" ONLINE
Mon Sep 15 11:20:45 2003
ALTER ROLLBACK SEGMENT "R04" ONLINE
Completed: ALTER ROLLBACK SEGMENT "R04" ONLINE
Mon Sep 15 11:20:45 2003
ALTER ROLLBACK SEGMENT "R05" ONLINE
Completed: ALTER ROLLBACK SEGMENT "R05" ONLINE
Mon Sep 15 11:20:45 2003
ALTER ROLLBACK SEGMENT "R06" ONLINE
Completed: ALTER ROLLBACK SEGMENT "R06" ONLINE
Mon Sep 15 11:20:45 2003
ALTER ROLLBACK SEGMENT "R07" ONLINE
Completed: ALTER ROLLBACK SEGMENT "R07" ONLINE
Mon Sep 15 11:20:45 2003
ALTER ROLLBACK SEGMENT "R08" ONLINE
Completed: ALTER ROLLBACK SEGMENT "R08" ONLINE
Mon Sep 15 11:20:45 2003
ALTER ROLLBACK SEGMENT "R09" ONLINE
Completed: ALTER ROLLBACK SEGMENT "R09" ONLINE
Mon Sep 15 11:20:45 2003
ALTER ROLLBACK SEGMENT "R10" ONLINE
Completed: ALTER ROLLBACK SEGMENT "R10" ONLINE
Mon Sep 15 11:20:45 2003
ALTER ROLLBACK SEGMENT "R11" ONLINE
Completed: ALTER ROLLBACK SEGMENT "R11" ONLINE
Mon Sep 15 11:20:45 2003
ALTER ROLLBACK SEGMENT "R12" ONLINE
Completed: ALTER ROLLBACK SEGMENT "R12" ONLINE
Mon Sep 15 11:20:45 2003
ALTER ROLLBACK SEGMENT "R13" ONLINE
Completed: ALTER ROLLBACK SEGMENT "R13" ONLINE
Mon Sep 15 11:20:45 2003
ALTER ROLLBACK SEGMENT "R14" ONLINE
Completed: ALTER ROLLBACK SEGMENT "R14" ONLINE
Mon Sep 15 11:20:45 2003
ALTER ROLLBACK SEGMENT "R15" ONLINE
Completed: ALTER ROLLBACK SEGMENT "R15" ONLINE
Mon Sep 15 11:22:53 2003
Thread 1 advanced to log sequence 10
  Current log# 2 seq# 10 mem# 0: /oradata/data/rcat/redo02.log
Mon Sep 15 11:23:11 2003
Thread 1 advanced to log sequence 11
  Current log# 3 seq# 11 mem# 0: /oradata/data/rcat/redo03.log
Mon Sep 15 11:23:25 2003
Thread 1 advanced to log sequence 12
  Current log# 4 seq# 12 mem# 0: /oradata/data/rcat/redo04.log
Mon Sep 15 11:23:40 2003
Thread 1 advanced to log sequence 13
  Current log# 1 seq# 13 mem# 0: /oradata/data/rcat/redo01.log
Mon Sep 15 11:23:54 2003
Thread 1 advanced to log sequence 14
  Current log# 2 seq# 14 mem# 0: /oradata/data/rcat/redo02.log
Mon Sep 15 11:24:11 2003
Thread 1 advanced to log sequence 15
  Current log# 3 seq# 15 mem# 0: /oradata/data/rcat/redo03.log
Mon Sep 15 11:24:24 2003
Thread 1 advanced to log sequence 16
  Current log# 4 seq# 16 mem# 0: /oradata/data/rcat/redo04.log
Mon Sep 15 11:24:38 2003
Thread 1 advanced to log sequence 17
  Current log# 1 seq# 17 mem# 0: /oradata/data/rcat/redo01.log
Mon Sep 15 11:25:02 2003
Thread 1 advanced to log sequence 18
  Current log# 2 seq# 18 mem# 0: /oradata/data/rcat/redo02.log
Mon Sep 15 11:25:16 2003
Thread 1 advanced to log sequence 19
  Current log# 3 seq# 19 mem# 0: /oradata/data/rcat/redo03.log
Mon Sep 15 11:25:29 2003
Thread 1 advanced to log sequence 20
  Current log# 4 seq# 20 mem# 0: /oradata/data/rcat/redo04.log
Mon Sep 15 11:25:43 2003
Thread 1 advanced to log sequence 21
  Current log# 1 seq# 21 mem# 0: /oradata/data/rcat/redo01.log
Mon Sep 15 11:25:57 2003
Thread 1 advanced to log sequence 22
  Current log# 2 seq# 22 mem# 0: /oradata/data/rcat/redo02.log
Mon Sep 15 11:26:11 2003
Thread 1 advanced to log sequence 23
  Current log# 3 seq# 23 mem# 0: /oradata/data/rcat/redo03.log
Mon Sep 15 11:26:23 2003
Thread 1 advanced to log sequence 24
  Current log# 4 seq# 24 mem# 0: /oradata/data/rcat/redo04.log
Mon Sep 15 11:26:41 2003
Thread 1 advanced to log sequence 25
  Current log# 1 seq# 25 mem# 0: /oradata/data/rcat/redo01.log
Mon Sep 15 11:26:58 2003
Thread 1 advanced to log sequence 26
  Current log# 2 seq# 26 mem# 0: /oradata/data/rcat/redo02.log
Mon Sep 15 11:28:24 2003
alter database datafile '/oradata/data/rcat/rcat.dbf' resize 50M
Mon Sep 15 11:28:25 2003
Completed: alter database datafile '/oradata/data/rcat/rcat.d
Mon Sep 15 11:28:41 2003
Shutting down instance (immediate)
License high water mark = 34
Mon Sep 15 11:29:38 2003
ALTER DATABASE CLOSE NORMAL
Mon Sep 15 11:29:38 2003
SMON: disabling tx recovery
SMON: disabling cache recovery
Mon Sep 15 11:29:40 2003
Thread 1 closed at log sequence 26
Mon Sep 15 11:29:40 2003
Completed: ALTER DATABASE CLOSE NORMAL
Mon Sep 15 11:29:40 2003
ALTER DATABASE DISMOUNT
Completed: ALTER DATABASE DISMOUNT
archiving is disabled
Mon Sep 15 11:30:42 2003
Starting ORACLE instance (normal)
LICENSE_MAX_SESSION = 0
LICENSE_SESSIONS_WARNING = 0
LICENSE_MAX_USERS = 0
Starting up ORACLE RDBMS Version: 8.1.7.0.0.
System parameters with non-default values:
  processes                = 100
  shared_pool_size         = 104857600
  large_pool_size          = 52448800
  java_pool_size           = 1048576
  control_files            = /oradata/data/rcat/control01.ctl, /oradata/data/rcat/control02.ctl
  db_block_buffers         = 128156
  db_block_size            = 8192
  compatible               = 8.1.7
  log_buffer               = 524288
  log_checkpoint_interval  = 10000
  log_checkpoint_timeout   = 1800
  rollback_segments        = r01, r02, r03, r04, r05, r06, r07, r08, r09, r10, r11, r12, r13, r14, r15
  db_domain                = bloomberg.com
  instance_name            = rcat
  service_names            = rcat.bloomberg.com
  mts_dispatchers          = (address=(protocol=ipc))(dispatchers=1), (address=(protocol=tcp))(dispatchers=1)
  mts_servers              = 2
  mts_max_servers          = 10
  mts_max_dispatchers      = 10
  mts_service              = rcat
  open_links               = 4
  sort_area_size           = 131072
  sort_area_retained_size  = 65536
  db_name                  = rcat
  open_cursors             = 255
  utl_file_dir             = /bb/oracle/admin/rcat/utl
  job_queue_processes      = 3
  job_queue_interval       = 10
  background_dump_dest     = /bb/oracle/admin/rcat/bdump
  user_dump_dest           = /bb/oracle/admin/rcat/udump
  core_dump_dest           = /bb/oracle/admin/rcat/cdump
PMON started with pid=2
DBW0 started with pid=3
LGWR started with pid=4
CKPT started with pid=5
SMON started with pid=6
RECO started with pid=7
SNP0 started with pid=8
SNP1 started with pid=9
SNP2 started with pid=10
Mon Sep 15 11:30:44 2003
starting up 2 shared server(s) ...
starting up 1 dispatcher(s) for network address '(address=(protocol=ipc))'...
starting up 1 dispatcher(s) for network address '(address=(protocol=tcp))'...
Mon Sep 15 11:30:44 2003
alter database  mount
Mon Sep 15 11:30:51 2003
Successful mount of redo thread 1, with mount id 276943723.
Mon Sep 15 11:30:51 2003
Database mounted in Exclusive Mode.
Completed: alter database  mount
Mon Sep 15 11:30:51 2003
alter database open 
Mon Sep 15 11:30:51 2003
Thread 1 opened at log sequence 26
  Current log# 2 seq# 26 mem# 0: /oradata/data/rcat/redo02.log
Successful open of redo thread 1.
Mon Sep 15 11:30:51 2003
SMON: enabling cache recovery
SMON: enabling tx recovery
Mon Sep 15 11:30:52 2003
Completed: alter database open 
Shutting down instance (normal)
License high water mark = 4
Mon Sep 15 11:30:54 2003
ALTER DATABASE CLOSE NORMAL
Mon Sep 15 11:30:54 2003
SMON: disabling tx recovery
SMON: disabling cache recovery
Mon Sep 15 11:30:54 2003
Thread 1 closed at log sequence 26
Mon Sep 15 11:30:55 2003
Completed: ALTER DATABASE CLOSE NORMAL
Mon Sep 15 11:30:55 2003
ALTER DATABASE DISMOUNT
Completed: ALTER DATABASE DISMOUNT
archiving is disabled
Mon Sep 15 11:45:12 2003
Starting ORACLE instance (normal)
LICENSE_MAX_SESSION = 0
LICENSE_SESSIONS_WARNING = 0
LICENSE_MAX_USERS = 0
Starting up ORACLE RDBMS Version: 8.1.7.0.0.
System parameters with non-default values:
  processes                = 100
  shared_pool_size         = 104857600
  large_pool_size          = 52448800
  java_pool_size           = 1048576
  control_files            = /oradata/data/rcat/control01.ctl, /oradata/data/rcat/control02.ctl
  db_block_buffers         = 128156
  db_block_size            = 8192
  compatible               = 8.1.7
  log_buffer               = 524288
  log_checkpoint_interval  = 10000
  log_checkpoint_timeout   = 1800
  rollback_segments        = r01, r02, r03, r04, r05, r06, r07, r08, r09, r10, r11, r12, r13, r14, r15
  db_domain                = bloomberg.com
  instance_name            = rcat
  service_names            = rcat.bloomberg.com
  mts_dispatchers          = (address=(protocol=ipc))(dispatchers=1), (address=(protocol=tcp))(dispatchers=1)
  mts_servers              = 2
  mts_max_servers          = 10
  mts_max_dispatchers      = 10
  mts_service              = rcat
  open_links               = 4
  sort_area_size           = 131072
  sort_area_retained_size  = 65536
  db_name                  = rcat
  open_cursors             = 255
  utl_file_dir             = /bb/oracle/admin/rcat/utl
  job_queue_processes      = 3
  job_queue_interval       = 10
  background_dump_dest     = /bb/oracle/admin/rcat/bdump
  user_dump_dest           = /bb/oracle/admin/rcat/udump
  core_dump_dest           = /bb/oracle/admin/rcat/cdump
PMON started with pid=2
DBW0 started with pid=3
LGWR started with pid=4
CKPT started with pid=5
SMON started with pid=6
RECO started with pid=7
SNP0 started with pid=8
SNP1 started with pid=9
SNP2 started with pid=10
Mon Sep 15 11:45:14 2003
starting up 2 shared server(s) ...
starting up 1 dispatcher(s) for network address '(address=(protocol=ipc))'...
starting up 1 dispatcher(s) for network address '(address=(protocol=tcp))'...
Mon Sep 15 11:45:14 2003
alter database  mount
Mon Sep 15 11:45:21 2003
Successful mount of redo thread 1, with mount id 276930769.
Mon Sep 15 11:45:21 2003
Database mounted in Exclusive Mode.
Completed: alter database  mount
Mon Sep 15 11:45:21 2003
alter database open 
Mon Sep 15 11:45:22 2003
Thread 1 opened at log sequence 26
  Current log# 2 seq# 26 mem# 0: /oradata/data/rcat/redo02.log
Successful open of redo thread 1.
Mon Sep 15 11:45:22 2003
SMON: enabling cache recovery
SMON: enabling tx recovery
Mon Sep 15 11:45:22 2003
Completed: alter database open 
Shutting down instance (immediate)
License high water mark = 4
Mon Sep 15 11:46:24 2003
ALTER DATABASE CLOSE NORMAL
Mon Sep 15 11:46:24 2003
SMON: disabling tx recovery
SMON: disabling cache recovery
Mon Sep 15 11:46:24 2003
Thread 1 closed at log sequence 26
Mon Sep 15 11:46:24 2003
Completed: ALTER DATABASE CLOSE NORMAL
Mon Sep 15 11:46:24 2003
ALTER DATABASE DISMOUNT
Completed: ALTER DATABASE DISMOUNT
archiving is disabled
Mon Sep 15 11:54:52 2003
Starting ORACLE instance (normal)
LICENSE_MAX_SESSION = 0
LICENSE_SESSIONS_WARNING = 0
LICENSE_MAX_USERS = 0
Starting up ORACLE RDBMS Version: 8.1.7.0.0.
System parameters with non-default values:
  processes                = 100
  shared_pool_size         = 104857600
  large_pool_size          = 52448800
  java_pool_size           = 1048576
  control_files            = /oradata/data/rcat/control01.ctl, /oradata/data/rcat/control02.ctl
  db_block_buffers         = 128156
  db_block_size            = 8192
  compatible               = 8.1.7
  log_buffer               = 524288
  log_checkpoint_interval  = 10000
  log_checkpoint_timeout   = 1800
  rollback_segments        = r01, r02, r03, r04, r05, r06, r07, r08, r09, r10, r11, r12, r13, r14, r15
  db_domain                = bloomberg.com
  instance_name            = rcat
  service_names            = rcat.bloomberg.com
  mts_dispatchers          = (address=(protocol=ipc))(dispatchers=1), (address=(protocol=tcp))(dispatchers=1)
  mts_servers              = 2
  mts_max_servers          = 10
  mts_max_dispatchers      = 10
  mts_service              = rcat
  open_links               = 4
  sort_area_size           = 131072
  sort_area_retained_size  = 65536
  db_name                  = rcat
  open_cursors             = 255
  utl_file_dir             = /bb/oracle/admin/rcat/utl
  job_queue_processes      = 3
  job_queue_interval       = 10
  background_dump_dest     = /bb/oracle/admin/rcat/bdump
  user_dump_dest           = /bb/oracle/admin/rcat/udump
  core_dump_dest           = /bb/oracle/admin/rcat/cdump
PMON started with pid=2
DBW0 started with pid=3
LGWR started with pid=4
CKPT started with pid=5
SMON started with pid=6
RECO started with pid=7
SNP0 started with pid=8
SNP1 started with pid=9
SNP2 started with pid=10
Mon Sep 15 11:54:54 2003
starting up 2 shared server(s) ...
starting up 1 dispatcher(s) for network address '(address=(protocol=ipc))'...
starting up 1 dispatcher(s) for network address '(address=(protocol=tcp))'...
Mon Sep 15 11:54:54 2003
alter database  mount
Mon Sep 15 11:55:01 2003
Successful mount of redo thread 1, with mount id 276910613.
Mon Sep 15 11:55:01 2003
Database mounted in Exclusive Mode.
Completed: alter database  mount
Mon Sep 15 11:55:01 2003
alter database open 
Mon Sep 15 11:55:02 2003
Thread 1 opened at log sequence 26
  Current log# 2 seq# 26 mem# 0: /oradata/data/rcat/redo02.log
Successful open of redo thread 1.
Mon Sep 15 11:55:02 2003
SMON: enabling cache recovery
SMON: enabling tx recovery
Mon Sep 15 11:55:02 2003
Completed: alter database open 
Shutting down instance (immediate)
License high water mark = 4
Mon Sep 15 12:51:18 2003
ALTER DATABASE CLOSE NORMAL
Mon Sep 15 12:51:18 2003
SMON: disabling tx recovery
SMON: disabling cache recovery
Mon Sep 15 12:51:18 2003
Thread 1 closed at log sequence 26
Mon Sep 15 12:51:19 2003
Completed: ALTER DATABASE CLOSE NORMAL
Mon Sep 15 12:51:19 2003
ALTER DATABASE DISMOUNT
Completed: ALTER DATABASE DISMOUNT
archiving is disabled
Mon Sep 15 12:51:30 2003
Starting ORACLE instance (normal)
LICENSE_MAX_SESSION = 0
LICENSE_SESSIONS_WARNING = 0
LICENSE_MAX_USERS = 0
Starting up ORACLE RDBMS Version: 8.1.7.0.0.
System parameters with non-default values:
  processes                = 100
  shared_pool_size         = 104857600
  large_pool_size          = 52448800
  java_pool_size           = 1048576
  control_files            = /oradata/data/rcat/control01.ctl, /oradata/data/rcat/control02.ctl
  db_block_buffers         = 128156
  db_block_size            = 8192
  compatible               = 8.1.7
  log_buffer               = 524288
  log_checkpoint_interval  = 10000
  log_checkpoint_timeout   = 1800
  rollback_segments        = r01, r02, r03, r04, r05, r06, r07, r08, r09, r10, r11, r12, r13, r14, r15
  db_domain                = bloomberg.com
  instance_name            = rcat
  service_names            = rcat
  mts_dispatchers          = (address=(protocol=ipc))(dispatchers=1), (address=(protocol=tcp))(dispatchers=1)
  mts_servers              = 2
  mts_max_servers          = 10
  mts_max_dispatchers      = 10
  mts_service              = rcat
  open_links               = 4
  sort_area_size           = 131072
  sort_area_retained_size  = 65536
  db_name                  = rcat
  open_cursors             = 255
  utl_file_dir             = /bb/oracle/admin/rcat/utl
  job_queue_processes      = 3
  job_queue_interval       = 10
  background_dump_dest     = /bb/oracle/admin/rcat/bdump
  user_dump_dest           = /bb/oracle/admin/rcat/udump
  core_dump_dest           = /bb/oracle/admin/rcat/cdump
PMON started with pid=2
DBW0 started with pid=3
LGWR started with pid=4
CKPT started with pid=5
SMON started with pid=6
RECO started with pid=7
SNP0 started with pid=8
SNP1 started with pid=9
SNP2 started with pid=10
Mon Sep 15 12:51:32 2003
starting up 2 shared server(s) ...
starting up 1 dispatcher(s) for network address '(address=(protocol=ipc))'...
starting up 1 dispatcher(s) for network address '(address=(protocol=tcp))'...
Mon Sep 15 12:51:32 2003
alter database  mount
Mon Sep 15 12:51:40 2003
Successful mount of redo thread 1, with mount id 276940636.
Mon Sep 15 12:51:40 2003
Database mounted in Exclusive Mode.
Completed: alter database  mount
Mon Sep 15 12:51:40 2003
alter database open 
Mon Sep 15 12:51:40 2003
Thread 1 opened at log sequence 26
  Current log# 2 seq# 26 mem# 0: /oradata/data/rcat/redo02.log
Successful open of redo thread 1.
Mon Sep 15 12:51:40 2003
SMON: enabling cache recovery
SMON: enabling tx recovery
Mon Sep 15 12:51:40 2003
Completed: alter database open 
Shutting down instance (immediate)
License high water mark = 4
Mon Sep 15 12:51:56 2003
ALTER DATABASE CLOSE NORMAL
Mon Sep 15 12:51:56 2003
SMON: disabling tx recovery
SMON: disabling cache recovery
Mon Sep 15 12:51:56 2003
Thread 1 closed at log sequence 26
Mon Sep 15 12:51:56 2003
Completed: ALTER DATABASE CLOSE NORMAL
Mon Sep 15 12:51:56 2003
ALTER DATABASE DISMOUNT
Completed: ALTER DATABASE DISMOUNT
archiving is disabled
Mon Sep 15 12:52:22 2003
Starting ORACLE instance (normal)
LICENSE_MAX_SESSION = 0
LICENSE_SESSIONS_WARNING = 0
LICENSE_MAX_USERS = 0
Starting up ORACLE RDBMS Version: 8.1.7.0.0.
System parameters with non-default values:
  processes                = 100
  shared_pool_size         = 104857600
  large_pool_size          = 52448800
  java_pool_size           = 1048576
  control_files            = /oradata/data/rcat/control01.ctl, /oradata/data/rcat/control02.ctl
  db_block_buffers         = 20000
  db_block_size            = 8192
  compatible               = 8.1.7
  log_buffer               = 524288
  log_checkpoint_interval  = 10000
  log_checkpoint_timeout   = 1800
  rollback_segments        = r01, r02, r03, r04, r05, r06, r07, r08, r09, r10, r11, r12, r13, r14, r15
  db_domain                = bloomberg.com
  instance_name            = rcat
  service_names            = rcat
  mts_dispatchers          = (address=(protocol=ipc))(dispatchers=1), (address=(protocol=tcp))(dispatchers=1)
  mts_servers              = 2
  mts_max_servers          = 10
  mts_max_dispatchers      = 10
  mts_service              = rcat
  open_links               = 4
  sort_area_size           = 131072
  sort_area_retained_size  = 65536
  db_name                  = rcat
  open_cursors             = 255
  utl_file_dir             = /bb/oracle/admin/rcat/utl
  job_queue_processes      = 3
  job_queue_interval       = 10
  background_dump_dest     = /bb/oracle/admin/rcat/bdump
  user_dump_dest           = /bb/oracle/admin/rcat/udump
  core_dump_dest           = /bb/oracle/admin/rcat/cdump
PMON started with pid=2
DBW0 started with pid=3
LGWR started with pid=4
CKPT started with pid=5
SMON started with pid=6
RECO started with pid=7
SNP0 started with pid=8
SNP1 started with pid=9
SNP2 started with pid=10
Mon Sep 15 12:52:23 2003
starting up 2 shared server(s) ...
starting up 1 dispatcher(s) for network address '(address=(protocol=ipc))'...
starting up 1 dispatcher(s) for network address '(address=(protocol=tcp))'...
Mon Sep 15 12:52:23 2003
alter database  mount
Mon Sep 15 12:52:30 2003
Successful mount of redo thread 1, with mount id 276930958.
Mon Sep 15 12:52:30 2003
Database mounted in Exclusive Mode.
Completed: alter database  mount
Mon Sep 15 12:52:30 2003
alter database open 
Mon Sep 15 12:52:31 2003
Thread 1 opened at log sequence 26
  Current log# 2 seq# 26 mem# 0: /oradata/data/rcat/redo02.log
Successful open of redo thread 1.
Mon Sep 15 12:52:31 2003
SMON: enabling cache recovery
SMON: enabling tx recovery
Mon Sep 15 12:52:31 2003
Completed: alter database open 
Shutting down instance (immediate)
License high water mark = 4
Mon Sep 15 12:58:28 2003
ALTER DATABASE CLOSE NORMAL
Mon Sep 15 12:58:28 2003
SMON: disabling tx recovery
SMON: disabling cache recovery
Mon Sep 15 12:58:28 2003
Thread 1 closed at log sequence 26
Mon Sep 15 12:58:28 2003
Completed: ALTER DATABASE CLOSE NORMAL
Mon Sep 15 12:58:28 2003
ALTER DATABASE DISMOUNT
Completed: ALTER DATABASE DISMOUNT
archiving is disabled
Mon Sep 15 12:58:53 2003
Starting ORACLE instance (normal)
LICENSE_MAX_SESSION = 0
LICENSE_SESSIONS_WARNING = 0
LICENSE_MAX_USERS = 0
Starting up ORACLE RDBMS Version: 8.1.7.0.0.
System parameters with non-default values:
  processes                = 100
  shared_pool_size         = 104857600
  large_pool_size          = 52448800
  java_pool_size           = 1048576
  control_files            = /oradata/data/rcat/control01.ctl, /oradata/data/rcat/control02.ctl
  db_block_buffers         = 20000
  db_block_size            = 8192
  compatible               = 8.1.7
  log_buffer               = 524288
  log_checkpoint_interval  = 10000
  log_checkpoint_timeout   = 1800
  rollback_segments        = r01, r02, r03, r04, r05, r06, r07, r08, r09, r10, r11, r12, r13, r14, r15
  db_domain                = world
  instance_name            = rcat
  service_names            = rcat.world
  mts_dispatchers          = (address=(protocol=ipc))(dispatchers=1), (address=(protocol=tcp))(dispatchers=1)
  mts_servers              = 2
  mts_max_servers          = 10
  mts_max_dispatchers      = 10
  mts_service              = rcat
  open_links               = 4
  sort_area_size           = 131072
  sort_area_retained_size  = 65536
  db_name                  = rcat
  open_cursors             = 255
  utl_file_dir             = /bb/oracle/admin/rcat/utl
  job_queue_processes      = 3
  job_queue_interval       = 10
  background_dump_dest     = /bb/oracle/admin/rcat/bdump
  user_dump_dest           = /bb/oracle/admin/rcat/udump
  core_dump_dest           = /bb/oracle/admin/rcat/cdump
PMON started with pid=2
DBW0 started with pid=3
LGWR started with pid=4
CKPT started with pid=5
SMON started with pid=6
RECO started with pid=7
SNP0 started with pid=8
SNP1 started with pid=9
SNP2 started with pid=10
Mon Sep 15 12:58:54 2003
starting up 2 shared server(s) ...
starting up 1 dispatcher(s) for network address '(address=(protocol=ipc))'...
starting up 1 dispatcher(s) for network address '(address=(protocol=tcp))'...
Mon Sep 15 12:58:54 2003
alter database  mount
Mon Sep 15 12:59:01 2003
Successful mount of redo thread 1, with mount id 276967957.
Mon Sep 15 12:59:01 2003
Database mounted in Exclusive Mode.
Completed: alter database  mount
Mon Sep 15 12:59:01 2003
alter database open 
Mon Sep 15 12:59:02 2003
Thread 1 opened at log sequence 26
  Current log# 2 seq# 26 mem# 0: /oradata/data/rcat/redo02.log
Successful open of redo thread 1.
Mon Sep 15 12:59:02 2003
SMON: enabling cache recovery
SMON: enabling tx recovery
Mon Sep 15 12:59:02 2003
Completed: alter database open 
Shutting down instance (immediate)
License high water mark = 4
Mon Sep 15 13:00:12 2003
ALTER DATABASE CLOSE NORMAL
Mon Sep 15 13:00:12 2003
SMON: disabling tx recovery
SMON: disabling cache recovery
Mon Sep 15 13:00:13 2003
Thread 1 closed at log sequence 26
Mon Sep 15 13:00:13 2003
Completed: ALTER DATABASE CLOSE NORMAL
Mon Sep 15 13:00:13 2003
ALTER DATABASE DISMOUNT
Completed: ALTER DATABASE DISMOUNT
archiving is disabled
Mon Sep 15 13:00:21 2003
Starting ORACLE instance (normal)
LICENSE_MAX_SESSION = 0
LICENSE_SESSIONS_WARNING = 0
LICENSE_MAX_USERS = 0
Starting up ORACLE RDBMS Version: 8.1.7.0.0.
System parameters with non-default values:
  processes                = 100
  shared_pool_size         = 104857600
  large_pool_size          = 52448800
  java_pool_size           = 1048576
  control_files            = /oradata/data/rcat/control01.ctl, /oradata/data/rcat/control02.ctl
  db_block_buffers         = 20000
  db_block_size            = 8192
  compatible               = 8.1.7
  log_buffer               = 524288
  log_checkpoint_interval  = 10000
  log_checkpoint_timeout   = 1800
  rollback_segments        = r01, r02, r03, r04, r05, r06, r07, r08, r09, r10, r11, r12, r13, r14, r15
  db_domain                = bloomberg.com
  instance_name            = rcat
  service_names            = rcat.bloomberg.com
  mts_dispatchers          = (address=(protocol=ipc))(dispatchers=1), (address=(protocol=tcp))(dispatchers=1)
  mts_servers              = 2
  mts_max_servers          = 10
  mts_max_dispatchers      = 10
  mts_service              = rcat
  open_links               = 4
  sort_area_size           = 131072
  sort_area_retained_size  = 65536
  db_name                  = rcat
  open_cursors             = 255
  utl_file_dir             = /bb/oracle/admin/rcat/utl
  job_queue_processes      = 3
  job_queue_interval       = 10
  background_dump_dest     = /bb/oracle/admin/rcat/bdump
  user_dump_dest           = /bb/oracle/admin/rcat/udump
  core_dump_dest           = /bb/oracle/admin/rcat/cdump
PMON started with pid=2
DBW0 started with pid=3
LGWR started with pid=4
CKPT started with pid=5
SMON started with pid=6
RECO started with pid=7
SNP0 started with pid=8
SNP1 started with pid=9
SNP2 started with pid=10
Mon Sep 15 13:00:22 2003
starting up 2 shared server(s) ...
starting up 1 dispatcher(s) for network address '(address=(protocol=ipc))'...
starting up 1 dispatcher(s) for network address '(address=(protocol=tcp))'...
Mon Sep 15 13:00:22 2003
alter database  mount
Mon Sep 15 13:00:29 2003
Successful mount of redo thread 1, with mount id 276940397.
Mon Sep 15 13:00:29 2003
Database mounted in Exclusive Mode.
Completed: alter database  mount
Mon Sep 15 13:00:29 2003
alter database open 
Mon Sep 15 13:00:30 2003
Thread 1 opened at log sequence 26
  Current log# 2 seq# 26 mem# 0: /oradata/data/rcat/redo02.log
Successful open of redo thread 1.
Mon Sep 15 13:00:30 2003
SMON: enabling cache recovery
SMON: enabling tx recovery
Mon Sep 15 13:00:30 2003
Completed: alter database open 
Mon Sep 15 13:45:08 2003
Thread 1 advanced to log sequence 27
  Current log# 3 seq# 27 mem# 0: /oradata/data/rcat/redo03.log
